<?xml version="1.0" encoding="UTF-8" ?>
<testsuite tests="1" failures="0" name="com.xiaxinyu.OA.utils.MD5UtilsTest" time="0.008" errors="0" skipped="0">
  <properties>
    <property name="idea.version" value="2020.3.1"/>
    <property name="java.runtime.name" value="OpenJDK Runtime Environment"/>
    <property name="sun.boot.library.path" value="/Users/xiaxinyu/Library/Java/JavaVirtualMachines/corretto-1.8.0_312/Contents/Home/jre/lib"/>
    <property name="java.vm.version" value="25.312-b07"/>
    <property name="gopherProxySet" value="false"/>
    <property name="java.vm.vendor" value="Amazon.com Inc."/>
    <property name="maven.multiModuleProjectDirectory" value="/Users/xiaxinyu/Desktop/github-repo/practice/java学习代码/数据库基础/OA"/>
    <property name="java.vendor.url" value="https://aws.amazon.com/corretto/"/>
    <property name="path.separator" value=":"/>
    <property name="guice.disable.misplaced.annotation.check" value="true"/>
    <property name="java.vm.name" value="OpenJDK 64-Bit Server VM"/>
    <property name="file.encoding.pkg" value="sun.io"/>
    <property name="user.country" value="CN"/>
    <property name="sun.java.launcher" value="SUN_STANDARD"/>
    <property name="sun.os.patch.level" value="unknown"/>
    <property name="java.vm.specification.name" value="Java Virtual Machine Specification"/>
    <property name="user.dir" value="/Users/xiaxinyu/Desktop/github-repo/practice/java学习代码/数据库基础/OA"/>
    <property name="java.runtime.version" value="1.8.0_312-b07"/>
    <property name="java.awt.graphicsenv" value="sun.awt.CGraphicsEnvironment"/>
    <property name="java.endorsed.dirs" value="/Users/xiaxinyu/Library/Java/JavaVirtualMachines/corretto-1.8.0_312/Contents/Home/jre/lib/endorsed"/>
    <property name="os.arch" value="x86_64"/>
    <property name="java.io.tmpdir" value="/var/folders/d0/8q7y_w0n15jfzh_94ps38t100000gn/T/"/>
    <property name="line.separator" value="
"/>
    <property name="java.vm.specification.vendor" value="Oracle Corporation"/>
    <property name="https.proxyHost" value="127.0.0.1"/>
    <property name="os.name" value="Mac OS X"/>
    <property name="maven.ext.class.path" value="/Applications/IntelliJ IDEA.app/Contents/plugins/maven/lib/maven-event-listener.jar"/>
    <property name="classworlds.conf" value="/Applications/IntelliJ IDEA.app/Contents/plugins/maven/lib/maven3/bin/m2.conf"/>
    <property name="sun.jnu.encoding" value="UTF-8"/>
    <property name="java.library.path" value="/Users/xiaxinyu/Library/Java/Extensions:/Library/Java/Extensions:/Network/Library/Java/Extensions:/System/Library/Java/Extensions:/usr/lib/java:."/>
    <property name="http.proxyPort" value="31181"/>
    <property name="maven.conf" value="/Applications/IntelliJ IDEA.app/Contents/plugins/maven/lib/maven3/conf"/>
    <property name="java.specification.name" value="Java Platform API Specification"/>
    <property name="java.class.version" value="52.0"/>
    <property name="sun.management.compiler" value="HotSpot 64-Bit Tiered Compilers"/>
    <property name="os.version" value="10.15.7"/>
    <property name="http.nonProxyHosts" value="192.168.0.0/16|*.192.168.0.0/16|10.0.0.0/8|*.10.0.0.0/8|172.16.0.0/12|*.172.16.0.0/12|127.0.0.1|localhost|*.localhost|local|*.local"/>
    <property name="user.home" value="/Users/xiaxinyu"/>
    <property name="user.timezone" value="Asia/Shanghai"/>
    <property name="java.awt.printerjob" value="sun.lwawt.macosx.CPrinterJob"/>
    <property name="java.specification.version" value="1.8"/>
    <property name="file.encoding" value="UTF-8"/>
    <property name="user.name" value="xiaxinyu"/>
    <property name="java.class.path" value="/Applications/IntelliJ IDEA.app/Contents/plugins/maven/lib/maven3/boot/plexus-classworlds.license:/Applications/IntelliJ IDEA.app/Contents/plugins/maven/lib/maven3/boot/plexus-classworlds-2.6.0.jar:/Applications/IntelliJ IDEA.app/Contents/lib/idea_rt.jar"/>
    <property name="java.vm.specification.version" value="1.8"/>
    <property name="sun.arch.data.model" value="64"/>
    <property name="java.home" value="/Users/xiaxinyu/Library/Java/JavaVirtualMachines/corretto-1.8.0_312/Contents/Home/jre"/>
    <property name="sun.java.command" value="org.codehaus.classworlds.Launcher -Didea.version=2020.3.1 package"/>
    <property name="java.specification.vendor" value="Oracle Corporation"/>
    <property name="user.language" value="zh"/>
    <property name="awt.toolkit" value="sun.lwawt.macosx.LWCToolkit"/>
    <property name="java.vm.info" value="mixed mode"/>
    <property name="java.version" value="1.8.0_312"/>
    <property name="java.ext.dirs" value="/Users/xiaxinyu/Library/Java/Extensions:/Users/xiaxinyu/Library/Java/JavaVirtualMachines/corretto-1.8.0_312/Contents/Home/jre/lib/ext:/Library/Java/Extensions:/Network/Library/Java/Extensions:/System/Library/Java/Extensions:/usr/lib/java"/>
    <property name="http.proxyHost" value="127.0.0.1"/>
    <property name="sun.boot.class.path" value="/Users/xiaxinyu/Library/Java/JavaVirtualMachines/corretto-1.8.0_312/Contents/Home/jre/lib/resources.jar:/Users/xiaxinyu/Library/Java/JavaVirtualMachines/corretto-1.8.0_312/Contents/Home/jre/lib/rt.jar:/Users/xiaxinyu/Library/Java/JavaVirtualMachines/corretto-1.8.0_312/Contents/Home/jre/lib/sunrsasign.jar:/Users/xiaxinyu/Library/Java/JavaVirtualMachines/corretto-1.8.0_312/Contents/Home/jre/lib/jsse.jar:/Users/xiaxinyu/Library/Java/JavaVirtualMachines/corretto-1.8.0_312/Contents/Home/jre/lib/jce.jar:/Users/xiaxinyu/Library/Java/JavaVirtualMachines/corretto-1.8.0_312/Contents/Home/jre/lib/charsets.jar:/Users/xiaxinyu/Library/Java/JavaVirtualMachines/corretto-1.8.0_312/Contents/Home/jre/lib/jfr.jar:/Users/xiaxinyu/Library/Java/JavaVirtualMachines/corretto-1.8.0_312/Contents/Home/jre/classes"/>
    <property name="java.vendor" value="Amazon.com Inc."/>
    <property name="maven.home" value="/Applications/IntelliJ IDEA.app/Contents/plugins/maven/lib/maven3"/>
    <property name="file.separator" value="/"/>
    <property name="java.vendor.url.bug" value="https://github.com/corretto/corretto-8/issues/"/>
    <property name="sun.cpu.endian" value="little"/>
    <property name="sun.io.unicode.encoding" value="UnicodeBig"/>
    <property name="https.proxyPort" value="31181"/>
    <property name="socksNonProxyHosts" value="192.168.0.0/16|*.192.168.0.0/16|10.0.0.0/8|*.10.0.0.0/8|172.16.0.0/12|*.172.16.0.0/12|127.0.0.1|localhost|*.localhost|local|*.local"/>
    <property name="ftp.nonProxyHosts" value="192.168.0.0/16|*.192.168.0.0/16|10.0.0.0/8|*.10.0.0.0/8|172.16.0.0/12|*.172.16.0.0/12|127.0.0.1|localhost|*.localhost|local|*.local"/>
    <property name="sun.cpu.isalist" value=""/>
  </properties>
  <testcase classname="com.xiaxinyu.OA.utils.MD5UtilsTest" name="testMD5Digest" time="0.008"/>
</testsuite>